<?xml version="1.0" encoding="UTF-8"?>
<!-- Generated by org.testng.reporters.JUnitReportReporter -->
<testsuite hostname="LAPTOP-JCK5A7JI" failures="0" tests="4" name="api.test.UserTest" time="9.999" errors="0" timestamp="2024-08-11T14:50:45 IST" skipped="0">
  <testcase classname="api.test.UserTest" name="testPostUser" time="3.386"/>
  <system-out/>
  <testcase classname="api.test.UserTest" name="testGetUserByName" time="1.183"/>
  <system-out/>
  <testcase classname="api.test.UserTest" name="testUpdateUserByName" time="2.969"/>
  <system-out/>
  <testcase classname="api.test.UserTest" name="testdeleteUserByName" time="2.461"/>
  <system-out/>
</testsuite> <!-- api.test.UserTest -->
