<?xml version="1.0" encoding="UTF-8"?>
<!-- Generated by org.testng.reporters.JUnitReportReporter -->
<testsuite hostname="LAPTOP-JCK5A7JI" failures="0" tests="6" name="api.test.DatadrivenUserTest" time="9.055" errors="0" timestamp="2024-08-11T11:25:19 IST" skipped="0">
  <testcase classname="api.test.DatadrivenUserTest" name="testPostUser" time="1.129"/>
  <system-out/>
  <testcase classname="api.test.DatadrivenUserTest" name="testPostUser" time="3.385"/>
  <system-out/>
  <testcase classname="api.test.DatadrivenUserTest" name="testPostUser" time="1.136"/>
  <system-out/>
  <testcase classname="api.test.DatadrivenUserTest" name="testDeleteuserByName" time="1.136"/>
  <system-out/>
  <testcase classname="api.test.DatadrivenUserTest" name="testDeleteuserByName" time="1.146"/>
  <system-out/>
  <testcase classname="api.test.DatadrivenUserTest" name="testDeleteuserByName" time="1.123"/>
  <system-out/>
</testsuite> <!-- api.test.DatadrivenUserTest -->
