<?xml version="1.0" encoding="UTF-8"?>
<!-- Generated by org.testng.reporters.JUnitReportReporter -->
<testsuite hostname="LAPTOP-JCK5A7JI" failures="0" tests="6" name="api.test.DatadrivenUserTest" time="8.269" errors="0" timestamp="2024-08-11T15:23:53 IST" skipped="0">
  <testcase classname="api.test.DatadrivenUserTest" name="testPostUser" time="2.607"/>
  <testcase classname="api.test.DatadrivenUserTest" name="testPostUser" time="1.103"/>
  <testcase classname="api.test.DatadrivenUserTest" name="testPostUser" time="1.109"/>
  <testcase classname="api.test.DatadrivenUserTest" name="testDeleteuserByName" time="1.134"/>
  <testcase classname="api.test.DatadrivenUserTest" name="testDeleteuserByName" time="1.144"/>
  <testcase classname="api.test.DatadrivenUserTest" name="testDeleteuserByName" time="1.172"/>
</testsuite> <!-- api.test.DatadrivenUserTest -->
